1695736339065	geckodriver	INFO	Listening on 127.0.0.1:62357
1695736342105	mozrunner::runner	INFO	Running command: "C:\\Program Files\\Mozilla Firefox\\firefox.exe" "--marionette" "-no-remote" "-profile" "C:\\Users\\AMD\\AppData\\Local\\Temp\\rust_mozprofileGLJvTz"
console.warn: services.settings: Ignoring preference override of remote settings server
console.warn: services.settings: Allow by setting MOZ_REMOTE_SETTINGS_DEVTOOLS=1 in the environment
1695736342256	Marionette	INFO	Marionette enabled
Dynamically enable window occlusion 0
1695736342323	Marionette	INFO	Listening on port 62368
Read port: 62368
1695736342611	RemoteAgent	WARN	TLS certificate errors will be ignored for this session
JavaScript error: https://media.ethicalads.io/media/client/v1.4.0/ethicalads.min.js, line 1: Error: No ad placements found.
JavaScript error: resource:///actors/FormValidationChild.sys.mjs, line 178: TypeError: this._element is null
console.error: ({})
console.warn: LoginRecipes: "Falling back to a synchronous message for: https://swayamopenid.b2clogin.com."
console.warn: LoginRecipes: "Falling back to a synchronous message for: https://accounts.google.com."
JavaScript error: https://media.ethicalads.io/media/client/v1.4.0/ethicalads.min.js, line 1: Error: No ad placements found.
JavaScript error: resource:///actors/FormValidationChild.sys.mjs, line 178: TypeError: this._element is null
console.error: ({})
console.warn: LoginRecipes: "Falling back to a synchronous message for: https://swayamopenid.b2clogin.com."
console.error: (new TypeError("currentNode is null", "resource://devtools/client/inspector/shared/style-change-tracker.js", 66))
TypeError: currentNode is null: canMutationImpactCurrentStyles@resource://devtools/client/inspector/shared/style-change-tracker.js:66:20
onMutations@resource://devtools/client/inspector/shared/style-change-tracker.js:84:41
_emit@resource://devtools/shared/event-emitter.js:242:32
emit@resource://devtools/shared/event-emitter.js:186:18
emit@resource://devtools/shared/event-emitter.js:330:18
getMutations@resource://devtools/client/fronts/walker.js:309:10

console.warn: LoginRecipes: "Falling back to a synchronous message for: https://accounts.google.com."
console.warn: "Listener for event 'frame' did not return a promise."
console.warn: "Listener for event 'frame' did not return a promise."
JavaScript error: , line 0: NotFoundError: No such JSWindowActor 'DevToolsFrame'
JavaScript error: , line 0: NotFoundError: No such JSWindowActor 'DevToolsFrame'
JavaScript error: , line 0: NotFoundError: No such JSWindowActor 'DevToolsFrame'
console.error: ({})
1695736890101	Marionette	INFO	Stopped listening on port 62368
Dynamically enable window occlusion 1
1696339007205	geckodriver	INFO	Listening on 127.0.0.1:65017
1696339010227	mozrunner::runner	INFO	Running command: "C:\\Program Files\\Mozilla Firefox\\firefox.exe" "--marionette" "-no-remote" "-profile" "C:\\Users\\AMD\\AppData\\Local\\Temp\\rust_mozprofileo22NCD"
console.warn: services.settings: Ignoring preference override of remote settings server
console.warn: services.settings: Allow by setting MOZ_REMOTE_SETTINGS_DEVTOOLS=1 in the environment
1696339010378	Marionette	INFO	Marionette enabled
Dynamically enable window occlusion 0
1696339010442	Marionette	INFO	Listening on port 65029
Read port: 65029
1696339010515	RemoteAgent	WARN	TLS certificate errors will be ignored for this session
1696339124812	Marionette	WARN	Ignoring event 'DOMContentLoaded' because document has an invalid readyState of 'complete'.
console.error: WebExtensions: 
  Message: [Exception... "Component returned failure code: 0x80004005 (NS_ERROR_FAILURE) [nsIPropertyBag.getProperty]"  nsresult: "0x80004005 (NS_ERROR_FAILURE)"  location: "JS frame :: jar:file:///C:/Program%20Files/Mozilla%20Firefox/browser/omni.ja!/chrome/browser/builtin-addons/search-detection/api.js :: stopListener :: line 197"  data: no]
  Stack:
    stopListener@jar:file:///C:/Program%20Files/Mozilla%20Firefox/browser/omni.ja!/chrome/browser/builtin-addons/search-detection/api.js:197:32

JavaScript error: https://www.google.com/sorry/index?continue=https://www.google.com/search%3Fclient%3Dfirefox-b-d%26q%3Drust%2Blangauge&q=EgRnnisRGLup8KgGIjCHNnp-LK-tu_2LNLE5Io01cJ6uLeBd_l0harTDAD218wF7nj5N069cw2tN2PIikiIyAXJaAUM, line 1: SyntaxError: expected expression, got ','
console.warn: LoginRecipes: "Falling back to a synchronous message for: https://duckduckgo.com."
console.error: ({})
console.error: (new TypeError("parent is null", "resource://devtools/client/inspector/shared/style-change-tracker.js", 67))
TypeError: parent is null: canMutationImpactCurrentStyles@resource://devtools/client/inspector/shared/style-change-tracker.js:67:24
onMutations@resource://devtools/client/inspector/shared/style-change-tracker.js:84:41
_emit@resource://devtools/shared/event-emitter.js:242:32
emit@resource://devtools/shared/event-emitter.js:186:18
emit@resource://devtools/shared/event-emitter.js:330:18
getMutations@resource://devtools/client/fronts/walker.js:309:10

1696339401322	Marionette	INFO	Stopped listening on port 65029
Dynamically enable window occlusion 1
JavaScript error: , line 0: NotFoundError: No such JSWindowActor 'DevToolsFrame'
1696339678505	geckodriver	INFO	Listening on 127.0.0.1:65317
1696339681556	mozrunner::runner	INFO	Running command: "C:\\Program Files\\Mozilla Firefox\\firefox.exe" "--marionette" "-no-remote" "-profile" "C:\\Users\\AMD\\AppData\\Local\\Temp\\rust_mozprofileW3itsp"
console.warn: services.settings: Ignoring preference override of remote settings server
console.warn: services.settings: Allow by setting MOZ_REMOTE_SETTINGS_DEVTOOLS=1 in the environment
1696339681706	Marionette	INFO	Marionette enabled
Dynamically enable window occlusion 0
1696339681772	Marionette	INFO	Listening on port 65328
Read port: 65328
1696339681944	RemoteAgent	WARN	TLS certificate errors will be ignored for this session
1696339683913	Marionette	INFO	Stopped listening on port 65328
Dynamically enable window occlusion 1
